{"time":"2025-05-28T12:38:30.2382972+02:00","level":"ERROR","msg":"❌error","!BADKEY":"failed to parse form"}
{"time":"2025-05-28T12:50:38.7658082+02:00","level":"ERROR","msg":"Error","Failed to add new location":"detail"}
{"time":"2025-05-28T12:52:10.8820084+02:00","level":"ERROR","msg":"Error","Failed to add new location":"detail"}
{"time":"2025-05-28T14:31:29.6003572+02:00","level":"ERROR","msg":"❌error","!BADKEY":"invalid request body"}
{"time":"2025-05-28T14:34:43.2422663+02:00","level":"ERROR","msg":"❌error","unable to retrieve location history ":"details","!BADKEY":"Failed to retrieve pos device location history"}
{"time":"2025-06-05T12:26:42.3859989+02:00","level":"ERROR","msg":"error","unable to upload file to pocketbase":"Failed to upload file"}
{"time":"2025-06-05T12:26:42.3865198+02:00","level":"ERROR","msg":"❌error","!BADKEY":"Unable to upload file to server"}
{"time":"2025-06-05T12:30:16.5816664+02:00","level":"ERROR","msg":"error","unable to upload file to pocketbase":"Failed to upload file"}
{"time":"2025-06-05T12:30:16.5827112+02:00","level":"ERROR","msg":"❌error","!BADKEY":"Unable to upload file to server"}
{"time":"2025-06-05T12:31:04.5252795+02:00","level":"ERROR","msg":"error","unable to upload file to pocketbase":"Failed to upload file"}
{"time":"2025-06-05T12:31:04.5252795+02:00","level":"ERROR","msg":"❌error","!BADKEY":"Unable to upload file to server"}
{"time":"2025-06-05T12:32:02.2855628+02:00","level":"ERROR","msg":"error","unable to upload file to pocketbase":"Failed to upload file"}
{"time":"2025-06-05T12:32:02.2855628+02:00","level":"ERROR","msg":"❌error","!BADKEY":"Unable to upload file to server"}
{"time":"2025-06-05T12:33:35.7846179+02:00","level":"ERROR","msg":"error","unable to upload file to pocketbase":"Failed to upload file"}
{"time":"2025-06-05T12:33:35.7846179+02:00","level":"ERROR","msg":"❌error","!BADKEY":"Unable to upload file to server"}
{"time":"2025-06-05T12:36:33.9550466+02:00","level":"ERROR","msg":"error","unable to upload file to pocketbase":"Failed to upload file"}
{"time":"2025-06-05T12:36:33.9550466+02:00","level":"ERROR","msg":"❌error","!BADKEY":"Unable to upload file to server"}
{"time":"2025-06-05T12:39:49.5582305+02:00","level":"ERROR","msg":"error","unable to upload file to pocketbase":"Failed to upload file: <html>\r\n<head><title>413 Request Entity Too Large</title></head>\r\n<body>\r\n<center><h1>413 Request Entity Too Large</h1></center>\r\n<hr><center>nginx/1.24.0 (Ubuntu)</center>\r\n</body>\r\n</html>"}
{"time":"2025-06-05T12:39:49.5592554+02:00","level":"ERROR","msg":"❌error","!BADKEY":"Unable to upload file to server"}
{"time":"2025-06-05T13:50:56.5618068+02:00","level":"ERROR","msg":"❌error","!BADKEY":"invalid app version data"}
{"time":"2025-06-05T15:41:12.9338785+02:00","level":"ERROR","msg":"Error","Failed to add new location":"detail"}
{"time":"2025-06-06T19:55:13.9354192+02:00","level":"ERROR","msg":"Error","!BADKEY":"Failed to parse POS ID"}
{"time":"2025-06-06T19:57:17.1039858+02:00","level":"ERROR","msg":"Error","!BADKEY":"Failed to parse POS ID"}
{"time":"2025-06-06T19:58:15.9063617+02:00","level":"ERROR","msg":"Error","!BADKEY":"Failed to parse POS ID"}
{"time":"2025-06-07T11:44:47.8843284+02:00","level":"ERROR","msg":"Error","!BADKEY":"Failed to parse POS ID"}
{"time":"2025-06-07T11:45:21.8784991+02:00","level":"ERROR","msg":"Error","!BADKEY":"Failed to parse POS ID"}
{"time":"2025-06-07T11:46:34.6679259+02:00","level":"ERROR","msg":"Error","!BADKEY":"Failed to parse POS ID"}
{"time":"2025-06-07T11:49:26.0151457+02:00","level":"ERROR","msg":"Error","!BADKEY":"Failed to parse POS ID"}
{"time":"2025-06-07T11:57:38.3847185+02:00","level":"ERROR","msg":"Error","!BADKEY":"Failed to parse POS ID"}
{"time":"2025-06-07T12:04:23.0999388+02:00","level":"ERROR","msg":"Error","!BADKEY":"Failed to parse POS ID"}
{"time":"2025-06-07T12:08:06.0973856+02:00","level":"ERROR","msg":"Error","!BADKEY":"Failed to parse POS ID"}
{"time":"2025-06-12T10:24:59.3503819+02:00","level":"ERROR","msg":"error","!BADKEY":"invalid device ID"}
{"time":"2025-06-12T13:50:56.044034+02:00","level":"ERROR","msg":"❌ error","!BADKEY":"unable to count registered apps:record not found"}
{"time":"2025-06-14T12:19:44.179634+02:00","level":"ERROR","msg":"❌error","!BADKEY":"unable to marshal app data"}
{"time":"2025-06-14T12:22:39.8285131+02:00","level":"ERROR","msg":"❌error","!BADKEY":"unable to marshal app data"}
{"time":"2025-06-14T12:29:10.0678884+02:00","level":"ERROR","msg":"error","!BADKEY":"failed to parse version ID"}
{"time":"2025-06-16T12:58:17.9866258+02:00","level":"ERROR","msg":"❌error","unable to delete device":"detail","!BADKEY":"error: Error 1205 (HY000): Lock wait timeout exceeded; try restarting transaction"}
{"time":"2025-06-16T12:58:19.1269456+02:00","level":"ERROR","msg":"❌error","unable to delete device":"detail","!BADKEY":"error: Error 1205 (HY000): Lock wait timeout exceeded; try restarting transaction"}
